-------------------------------------------------------------------------------
Test set: base.page.tests.MainPage_Test
-------------------------------------------------------------------------------
Tests run: 4, Failures: 1, Errors: 0, Skipped: 0, Time elapsed: 84.853 s <<< FAILURE! - in base.page.tests.MainPage_Test
searchCourseForName  Time elapsed: 15.338 s  <<< FAILURE!
org.opentest4j.AssertionFailedError: expected: <true> but was: <false>
	at base.page.tests.MainPage_Test.searchCourseForName(MainPage_Test.java:44)

