-------------------------------------------------------------------------------
Test set: Store.CreateOrderTest
-------------------------------------------------------------------------------
Tests run: 4, Failures: 1, Errors: 0, Skipped: 0, Time elapsed: 8.756 s <<< FAILURE! - in Store.CreateOrderTest
deleteOrder2  Time elapsed: 3.078 s  <<< FAILURE!
java.lang.AssertionError: 
1 expectation failed.
Expected status code <200> but was <404>.

	at Store.CreateOrderTest.deleteOrder2(CreateOrderTest.java:69)

