<?xml version="1.0" encoding="UTF-8"?>
<testsuite xmlns:xsi="http://www.w3.org/2001/XMLSchema-instance" xsi:noNamespaceSchemaLocation="https://maven.apache.org/surefire/maven-surefire-plugin/xsd/surefire-test-report.xsd" name="base.page.tests.MainPage_Test" time="24.477" tests="2" errors="1" skipped="0" failures="0">
  <properties>
[...]
</properties>
  <testcase name="check_open_mainPage" classname="base.page.tests.MainPage_Test" time="13.664"/>
  <testcase name="move_mouse_actions" classname="base.page.tests.MainPage_Test" time="10.792">
    <error message="(633, 1267) is out of bounds of viewport width (1284) and height (884)&#10;Build info: version: &apos;3.141.59&apos;, revision: &apos;e82be7d358&apos;, time: &apos;2018-11-14T08:17:03&apos;&#10;System info: host: &apos;DESKTOP-VPD7H95&apos;, ip: &apos;192.168.0.107&apos;, os.name: &apos;Windows 10&apos;, os.arch: &apos;amd64&apos;, os.version: &apos;10.0&apos;, java.version: &apos;16.0.1&apos;&#10;Driver info: org.openqa.selenium.firefox.FirefoxDriver&#10;Capabilities {acceptInsecureCerts: true, browserName: firefox, browserVersion: 98.0.2, javascriptEnabled: true, moz:accessibilityChecks: false, moz:buildID: 20220322144853, moz:geckodriverVersion: 0.31.0, moz:headless: false, moz:processID: 22840, moz:profile: C:\Users\Home\AppData\Local..., moz:shutdownTimeout: 60000, moz:useNonSpecCompliantPointerOrigin: false, moz:webdriverClick: true, pageLoadStrategy: normal, platform: WINDOWS, platformName: WINDOWS, platformVersion: 10.0, proxy: Proxy(), setWindowRect: true, strictFileInteractability: false, timeouts: {implicit: 0, pageLoad: 300000, script: 30000}, unhandledPromptBehavior: dismiss and notify}&#10;Session ID: 0120874d-a82c-4e27-bbce-58055aa89664" type="org.openqa.selenium.interactions.MoveTargetOutOfBoundsException">org.openqa.selenium.interactions.MoveTargetOutOfBoundsException: 
(633, 1267) is out of bounds of viewport width (1284) and height (884)
Build info: version: '3.141.59', revision: 'e82be7d358', time: '2018-11-14T08:17:03'
System info: host: 'DESKTOP-VPD7H95', ip: '192.168.0.107', os.name: 'Windows 10', os.arch: 'amd64', os.version: '10.0', java.version: '16.0.1'
Driver info: org.openqa.selenium.firefox.FirefoxDriver
Capabilities {acceptInsecureCerts: true, browserName: firefox, browserVersion: 98.0.2, javascriptEnabled: true, moz:accessibilityChecks: false, moz:buildID: 20220322144853, moz:geckodriverVersion: 0.31.0, moz:headless: false, moz:processID: 22840, moz:profile: C:\Users\Home\AppData\Local..., moz:shutdownTimeout: 60000, moz:useNonSpecCompliantPointerOrigin: false, moz:webdriverClick: true, pageLoadStrategy: normal, platform: WINDOWS, platformName: WINDOWS, platformVersion: 10.0, proxy: Proxy(), setWindowRect: true, strictFileInteractability: false, timeouts: {implicit: 0, pageLoad: 300000, script: 30000}, unhandledPromptBehavior: dismiss and notify}
Session ID: 0120874d-a82c-4e27-bbce-58055aa89664
	at base.page.tests.MainPage_Test.move_mouse_actions(MainPage_Test.java:36)
</error>
    <system-err><![CDATA[1650139861610	geckodriver	INFO	Listening on 127.0.0.1:14234
1650139861638	mozrunner::runner	INFO	Running command: "C:\\Program Files\\Mozilla Firefox\\firefox.exe" "--marionette" "--no-sandbox" "--no-first-run" "--enable-extensions" "--homepage=about:blank" "--ignore-certificate-errors" "-no-remote" "-profile" "C:\\Users\\Home\\AppData\\Local\\Temp\\rust_mozprofilepq2CaM"
1650139862181	Marionette	INFO	Marionette enabled
console.warn: SearchSettings: "get: No settings file exists, new profile?" (new NotFoundError("Could not open the file at C:\\Users\\Home\\AppData\\Local\\Temp\\rust_mozprofilepq2CaM\\search.json.mozlz4", (void 0)))
1650139864930	Marionette	INFO	Listening on port 5649
Read port: 5649
1650139865048	RemoteAgent	WARN	TLS certificate errors will be ignored for this session
апр. 16, 2022 11:11:05 PM org.openqa.selenium.remote.ProtocolHandshake createSession
INFO: Detected dialect: W3C
JavaScript warning: https://mc.yandex.ru/metrika/tag.js, line 18: WEBGL_debug_renderer_info is deprecated in Firefox and will be removed. Please use RENDERER.
1650139869741	Marionette	INFO	Stopped listening on port 5649
JavaScript error: resource://gre/modules/UrlClassifierListManager.jsm, line 691: TypeError: this.tablesData[table] is undefined
]]></system-err>
  </testcase>
</testsuite>