<?xml version="1.0" encoding="UTF-8"?>
<testsuite xmlns:xsi="http://www.w3.org/2001/XMLSchema-instance" xsi:noNamespaceSchemaLocation="https://maven.apache.org/surefire/maven-surefire-plugin/xsd/surefire-test-report.xsd" name="User.CreateUser.CreatePetTest" time="2.57" tests="3" errors="0" skipped="0" failures="0">
  <properties>
[...]
</properties>
  <testcase name="createPetInOneCategory" classname="User.CreateUser.CreatePetTest" time="0.82"/>
  <testcase name="createPet1" classname="User.CreateUser.CreatePetTest" time="0.87"/>
  <testcase name="createPet2" classname="User.CreateUser.CreatePetTest" time="0.87"/>
</testsuite>