-------------------------------------------------------------------------------
Test set: ui.courses.FavouriteCourseTile_Test
-------------------------------------------------------------------------------
Tests run: 2, Failures: 0, Errors: 1, Skipped: 0, Time elapsed: 6.786 s <<< FAILURE! - in ui.courses.FavouriteCourseTile_Test
click_favourite_course_tile  Time elapsed: 0.868 s  <<< ERROR!
org.openqa.selenium.WebDriverException: 
java.net.ConnectException: Failed to connect to localhost/[0:0:0:0:0:0:0:1]:8882
Build info: version: '3.141.59', revision: 'e82be7d358', time: '2018-11-14T08:17:03'
System info: host: 'DESKTOP-VPD7H95', ip: '192.168.0.107', os.name: 'Windows 10', os.arch: 'amd64', os.version: '10.0', java.version: '16.0.1'
Driver info: driver.version: FFWebDriver
Caused by: java.net.ConnectException: Failed to connect to localhost/[0:0:0:0:0:0:0:1]:8882
Caused by: java.net.ConnectException: Connection refused: no further information

